# JRE version: OpenJDK Runtime Environment AdoptOpenJDK (11.0.10+9) (build 11.0.10+9)
# Java VM: OpenJDK 64-Bit Server VM AdoptOpenJDK (11.0.10+9, mixed mode, tiered, compressed oops, g1 gc, windows-amd64)
Heap:
 garbage-first heap   total 262144K, used 66780K [0x00000000e0000000, 0x0000000100000000)
  region size 1024K, 51 young (52224K), 1 survivors (1024K)
 Metaspace       used 28021K, capacity 28792K, committed 28976K, reserved 280576K
  class space    used 3627K, capacity 3887K, committed 3968K, reserved 253952K
GC Heap History (6 events):
Event: 0.619 GC heap before
{Heap before GC invocations=0 (full 0):
 garbage-first heap   total 262144K, used 29696K [0x00000000e0000000, 0x0000000100000000)
  region size 1024K, 24 young (24576K), 0 survivors (0K)
 Metaspace       used 10184K, capacity 10486K, committed 10624K, reserved 264192K
  class space    used 1062K, capacity 1138K, committed 1152K, reserved 253952K
}
Event: 0.626 GC heap after
{Heap after GC invocations=1 (full 0):
 garbage-first heap   total 262144K, used 9377K [0x00000000e0000000, 0x0000000100000000)
  region size 1024K, 3 young (3072K), 3 survivors (3072K)
 Metaspace       used 10184K, capacity 10486K, committed 10624K, reserved 264192K
  class space    used 1062K, capacity 1138K, committed 1152K, reserved 253952K
}
Event: 3.037 GC heap before
{Heap before GC invocations=1 (full 0):
 garbage-first heap   total 262144K, used 107681K [0x00000000e0000000, 0x0000000100000000)
  region size 1024K, 100 young (102400K), 3 survivors (3072K)
 Metaspace       used 20665K, capacity 21136K, committed 21296K, reserved 274432K
  class space    used 2531K, capacity 2678K, committed 2688K, reserved 253952K
}
Event: 3.045 GC heap after
{Heap after GC invocations=2 (full 0):
 garbage-first heap   total 262144K, used 16730K [0x00000000e0000000, 0x0000000100000000)
  region size 1024K, 11 young (11264K), 11 survivors (11264K)
 Metaspace       used 20665K, capacity 21136K, committed 21296K, reserved 274432K
  class space    used 2531K, capacity 2678K, committed 2688K, reserved 253952K
}
Event: 3.203 GC heap before
{Heap before GC invocations=3 (full 0):
 garbage-first heap   total 262144K, used 31066K [0x00000000e0000000, 0x0000000100000000)
  region size 1024K, 25 young (25600K), 11 survivors (11264K)
 Metaspace       used 22495K, capacity 23074K, committed 23216K, reserved 274432K
  class space    used 2829K, capacity 3032K, committed 3072K, reserved 253952K
}
Event: 3.208 GC heap after
{Heap after GC invocations=4 (full 0):
 garbage-first heap   total 262144K, used 17628K [0x00000000e0000000, 0x0000000100000000)
  region size 1024K, 1 young (1024K), 1 survivors (1024K)
 Metaspace       used 22495K, capacity 23074K, committed 23216K, reserved 274432K
  class space    used 2829K, capacity 3032K, committed 3072K, reserved 253952K
}

